2016-06-24 03:36:35 : No categorie found !
2016-06-24 04:49:02 : No categorie found !
2016-06-24 07:47:44 : *******************************
2016-06-24 07:47:44 : DO_IMPORT, démarrage du process
2016-06-24 07:47:44 : export_id_lang=1
2016-06-24 07:47:44 : Your file should have as xml extension(index.php)
2016-06-24 07:51:07 : *******************************
2016-06-24 07:51:07 : DO_IMPORT, démarrage du process
2016-06-24 07:51:07 : export_id_lang=1
2016-06-24 07:52:10 : Your file should have as xml extension(index.php)
2016-06-24 07:54:16 : *******************************
2016-06-24 07:54:17 : DO_IMPORT, démarrage du process
2016-06-24 07:54:19 : export_id_lang=1
2016-06-24 07:54:51 : moving C:\wamp\tmp\php6638.tmp vers etranslation_fr_20160624_075446.xml
2016-06-24 07:54:57 : moving OK
2016-06-24 07:55:04 : Product Treatment 
2016-06-24 07:55:10 : Treatment of 1
2016-06-24 08:59:17 : *******************************
2016-06-24 08:59:17 : DO_IMPORT, démarrage du process
2016-06-24 08:59:17 : export_id_lang=1
2016-06-24 08:59:17 : moving C:\wamp\tmp\php1CD.tmp vers etranslation_fr_20160624_085917.xml
2016-06-24 08:59:17 : moving OK
2016-06-24 08:59:18 : Product Treatment 
2016-06-24 08:59:18 : Treatment of 1
2016-06-24 08:59:22 : Treatment of 2
2016-06-24 08:59:23 : Treatment of 3
2016-06-24 08:59:23 : Treatment of 4
2016-06-24 08:59:23 : Treatment of 5
2016-06-24 08:59:24 : Treatment of 6
2016-06-24 08:59:24 : Treatment of 7
2016-06-24 08:59:24 : cms Page processing
2016-06-24 08:59:24 : Treatment of 1
2016-06-24 08:59:26 : Treatment of 2
2016-06-24 08:59:26 : Treatment of 3
2016-06-24 08:59:27 : Treatment of 4
2016-06-24 08:59:28 : Treatment of 5
2016-06-24 08:59:28 :  categories processing
2016-06-24 08:59:28 : Treatment of 1
2016-06-24 08:59:29 : Treatment of 2
2016-06-24 08:59:29 : Treatment of 3
2016-06-24 08:59:29 : Treatment of 4
2016-06-24 08:59:29 : Treatment of 8
2016-06-24 08:59:29 : Treatment of 5
2016-06-24 08:59:30 : Treatment of 6
2016-06-24 08:59:31 : Treatment of 7
2016-06-24 08:59:31 : Treatment of 9
2016-06-24 08:59:31 : Treatment of 10
2016-06-24 08:59:31 : Treatment of 11
2016-06-24 08:59:32 : Treatment attribue group
2016-06-24 08:59:32 : Treatment of 1
2016-06-24 08:59:32 : Treatment of 2
2016-06-24 08:59:32 : Treatment of 3
2016-06-24 08:59:32 : Treatment of attribues
2016-06-24 08:59:32 : Traitement de 18
2016-06-24 08:59:32 : Traitement de 19
2016-06-24 08:59:32 : Traitement de 20
2016-06-24 08:59:32 : Traitement de 21
2016-06-24 08:59:33 : Traitement de 22
2016-06-24 08:59:33 : Traitement de 23
2016-06-24 08:59:33 : Traitement de 7
2016-06-24 08:59:33 : Traitement de 8
2016-06-24 08:59:33 : Traitement de 9
2016-06-24 08:59:33 : Traitement de 14
2016-06-24 08:59:33 : Traitement de 12
2016-06-24 08:59:33 : Traitement de 5
2016-06-24 08:59:33 : Traitement de 16
2016-06-24 08:59:33 : Traitement de 3
2016-06-24 08:59:33 : Traitement de 2
2016-06-24 08:59:33 : Traitement de 17
2016-06-24 08:59:33 : Traitement de 11
2016-06-24 08:59:33 : Traitement de 13
2016-06-24 08:59:33 : Traitement de 24
2016-06-24 08:59:33 : Traitement de 10
2016-06-24 08:59:33 : Traitement de 1
2016-06-24 08:59:33 : Traitement de 4
2016-06-24 08:59:33 : Traitement de 6
2016-06-24 08:59:33 : Traitement de 15
2016-06-24 08:59:33 : Processing Features
2016-06-24 08:59:33 : Treatment 5
2016-06-24 08:59:33 : Treatment 1
2016-06-24 08:59:33 : Treatment 2
2016-06-24 08:59:33 : Treatment 4
2016-06-24 08:59:33 : Treatment 3
2016-06-24 08:59:33 : Treatment 7
2016-06-24 08:59:33 : Treatment 6
2016-06-24 08:59:33 : Processing Features Value
2016-06-24 08:59:33 : Treatment  1
2016-06-24 08:59:33 : Treatment  2
2016-06-24 08:59:33 : Treatment  3
2016-06-24 08:59:33 : Treatment  4
2016-06-24 08:59:33 : Treatment  5
2016-06-24 08:59:33 : Treatment  6
2016-06-24 08:59:34 : Treatment  7
2016-06-24 08:59:34 : Treatment  8
2016-06-24 08:59:34 : Treatment  9
2016-06-24 08:59:34 : Treatment  10
2016-06-24 08:59:34 : Treatment  11
2016-06-24 08:59:34 : Treatment  12
2016-06-24 08:59:34 : Treatment  13
2016-06-24 08:59:34 : Treatment  14
2016-06-24 08:59:34 : Treatment  15
2016-06-24 08:59:34 : Treatment  16
2016-06-24 08:59:34 : Treatment  17
2016-06-24 08:59:34 : Treatment  18
2016-06-24 08:59:34 : Treatment  19
2016-06-24 08:59:34 : Treatment  20
2016-06-24 08:59:34 : Treatment  21
2016-06-24 08:59:34 : Treatment  22
2016-06-24 08:59:34 : Treatment  23
2016-06-24 08:59:34 : Treatment  24
2016-06-24 08:59:34 : Treatment  25
2016-06-24 08:59:34 : Treatment  26
2016-06-24 08:59:34 : Treatment  27
2016-06-24 08:59:34 : Treatment  28
2016-06-24 08:59:34 : Treatment  29
2016-06-24 08:59:34 : Treatment  30
2016-06-24 08:59:34 : Treatment  31
2016-06-24 08:59:34 : Treatment  32
2016-06-24 08:59:34 : Treatment  33
